<?xml version="1.0" encoding="UTF-8"?>
<!-- Generated by org.testng.reporters.JUnitReportReporter -->
<testsuite hostname="shazia" failures="0" tests="3" name="parallel_practice.TEST_CASES" time="0.039" errors="0" timestamp="2022-10-21T19:19:46 CDT" skipped="0">
  <testcase classname="parallel_practice.TEST_CASES" name="LaunchUrl" time="0.013"/>
  <system-out/>
  <testcase classname="parallel_practice.TEST_CASES" name="LaunchUrl" time="0.019"/>
  <system-out/>
  <testcase classname="parallel_practice.TEST_CASES" name="LaunchUrl" time="0.007"/>
  <system-out/>
</testsuite> <!-- parallel_practice.TEST_CASES -->
