<?xml version="1.0" encoding="UTF-8"?>
<!-- Generated by org.testng.reporters.JUnitReportReporter -->
<testsuite hostname="shazia" failures="0" tests="6" name="grouping.GROUP_LEVEL" time="0.034" errors="0" timestamp="2022-10-22T13:11:56 CDT" skipped="0">
  <testcase classname="grouping.GROUP_LEVEL" name="tc4" time="0.004"/>
  <system-out/>
  <testcase classname="grouping.GROUP_LEVEL" name="tc" time="0.019"/>
  <system-out/>
  <testcase classname="grouping.GROUP_LEVEL" name="tc1" time="0.002"/>
  <system-out/>
  <testcase classname="grouping.GROUP_LEVEL" name="tc3" time="0.003"/>
  <system-out/>
  <testcase classname="grouping.GROUP_LEVEL" name="tc5" time="0.003"/>
  <system-out/>
  <testcase classname="grouping.GROUP_LEVEL" name="tc2" time="0.003"/>
  <system-out/>
</testsuite> <!-- grouping.GROUP_LEVEL -->
